\BOOKMARK [0][]{chapter.1}{Introduction}{}
\BOOKMARK [1][]{section.1.1}{Overview}{chapter.1}
\BOOKMARK [1][]{section.1.2}{Problem Definition}{chapter.1}
\BOOKMARK [1][]{section.1.3}{Goals}{chapter.1}
\BOOKMARK [1][]{section.1.4}{Contributions}{chapter.1}
\BOOKMARK [1][]{section.1.5}{Structure of the thesis}{chapter.1}
\BOOKMARK [0][]{chapter.2}{Background and Related Work}{}
\BOOKMARK [1][]{section.2.1}{Hadoop File System\(HDFS\)}{chapter.2}
\BOOKMARK [2][]{subsection.2.1.1}{HDFS Architecture}{section.2.1}
\BOOKMARK [2][]{subsection.2.1.2}{HDFS NameNode}{section.2.1}
\BOOKMARK [2][]{subsection.2.1.3}{HDFS consistency model}{section.2.1}
\BOOKMARK [2][]{subsection.2.1.4}{POSIX compliant filesystem}{section.2.1}
\BOOKMARK [1][]{section.2.2}{Hadoop Open Platform as Service\(HOP\)-HDFS}{chapter.2}
\BOOKMARK [2][]{subsection.2.2.1}{HOP-HDFS Architecture}{section.2.2}
\BOOKMARK [2][]{subsection.2.2.2}{NameNode Operations}{section.2.2}
\BOOKMARK [2][]{subsection.2.2.3}{HOP-HDFS Implementation}{section.2.2}
\BOOKMARK [1][]{section.2.3}{MySQL Cluster}{chapter.2}
\BOOKMARK [2][]{subsection.2.3.1}{Concurrency Control in NDBCluster}{section.2.3}
\BOOKMARK [2][]{subsection.2.3.2}{ClusterJ}{section.2.3}
\BOOKMARK [1][]{section.2.4}{Related Work}{chapter.2}
\BOOKMARK [2][]{subsection.2.4.1}{Snapshots in Apache Hadoop Version2}{section.2.4}
\BOOKMARK [2][]{subsection.2.4.2}{Snapshots in Hadoop at Facebook}{section.2.4}
\BOOKMARK [0][]{chapter.3}{Solution}{}
\BOOKMARK [1][]{section.3.1}{Operations to Support}{chapter.3}
\BOOKMARK [1][]{section.3.2}{Read-Only Nested Snapshots}{chapter.3}
\BOOKMARK [2][]{subsection.3.2.1}{Snapshottable Directories}{section.3.2}
\BOOKMARK [2][]{subsection.3.2.2}{Modifications to the Schema}{section.3.2}
\BOOKMARK [2][]{subsection.3.2.3}{Rules for Operations}{section.3.2}
\BOOKMARK [2][]{subsection.3.2.4}{Listing children under a directory in a given Snapshot}{section.3.2}
\BOOKMARK [2][]{subsection.3.2.5}{Listing current children under a directory }{section.3.2}
\BOOKMARK [2][]{subsection.3.2.6}{Logging, Removing logs and Deleting inodes which are not referred by any snapshot}{section.3.2}
\BOOKMARK [3][]{subsubsection.3.2.6.1}{Approach 1:}{subsection.3.2.6}
\BOOKMARK [3][]{subsubsection.3.2.6.2}{Approach :2}{subsection.3.2.6}
\BOOKMARK [2][]{subsection.3.2.7}{Length of file being Written}{section.3.2}
\BOOKMARK [1][]{section.3.3}{Read-Only Root Level Single Snapshot}{chapter.3}
\BOOKMARK [2][]{subsection.3.3.1}{Modifications to the Schema}{section.3.3}
\BOOKMARK [2][]{subsection.3.3.2}{Rules for Modifying the fileSystem meta-data}{section.3.3}
\BOOKMARK [2][]{subsection.3.3.3}{Roll Back}{section.3.3}
\BOOKMARK [1][]{section.3.4}{Implementation Details}{chapter.3}
\BOOKMARK [2][]{subsection.3.4.1}{RollBack Algorithm Implementation}{section.3.4}
\BOOKMARK [0][]{chapter.4}{Evaluation}{}
\BOOKMARK [1][]{section.4.1}{Read-Only Nested Snapshots Implementation Evaluation}{chapter.4}
\BOOKMARK [2][]{subsection.4.1.1}{Benchmark for measuring query execution time}{section.4.1}
\BOOKMARK [1][]{section.4.2}{Read-Only Root Level Single Snapshot Implementation Evaluation}{chapter.4}
\BOOKMARK [2][]{subsection.4.2.1}{Evaluation of RollBack}{section.4.2}
\BOOKMARK [0][]{chapter.5}{Conclusions}{}
\BOOKMARK [1][]{section.5.1}{Conclusions}{chapter.5}
\BOOKMARK [1][]{section.5.2}{Future Work}{chapter.5}
