This is pdfTeX, Version 3.1415926-1.40.10 (TeX Live 2009/Debian) (format=pdflatex 2014.8.6)  11 SEP 2014 16:14
entering extended mode
 \write18 enabled.
 %&-line parsing enabled.
**document.tex
(./document.tex
LaTeX2e <2009/09/24>
Babel <v3.8l> and hyphenation patterns for english, usenglishmax, dumylang, noh
yphenation, farsi, arabic, croatian, bulgarian, ukrainian, russian, czech, slov
ak, danish, dutch, finnish, french, basque, ngerman, german, german-x-2009-06-1
9, ngerman-x-2009-06-19, ibycus, monogreek, greek, ancientgreek, hungarian, san
skrit, italian, latin, latvian, lithuanian, mongolian2a, mongolian, bokmal, nyn
orsk, romanian, irish, coptic, serbian, turkish, welsh, esperanto, uppersorbian
, estonian, indonesian, interlingua, icelandic, kurmanji, slovenian, polish, po
rtuguese, spanish, galician, catalan, swedish, ukenglish, pinyin, loaded.
(/usr/share/texmf-texlive/tex/latex/base/book.cls
Document Class: book 2007/10/19 v1.4h Standard LaTeX document class
(/usr/share/texmf-texlive/tex/latex/base/bk11.clo
File: bk11.clo 2007/10/19 v1.4h Standard LaTeX file (size option)
)
\c@part=\count79
\c@chapter=\count80
\c@section=\count81
\c@subsection=\count82
\c@subsubsection=\count83
\c@paragraph=\count84
\c@subparagraph=\count85
\c@figure=\count86
\c@table=\count87
\abovecaptionskip=\skip41
\belowcaptionskip=\skip42
\bibindent=\dimen102
) (./thesis.sty
Package: thesis 2009/06/14 21:04 David's excellent thesis package!
 (./noweb.sty
\nwmarginglue=\dimen103
\codehsize=\dimen104
\codemargin=\dimen105
\nwdefspace=\dimen106
\equivbox=\box26
LaTeX Font Info:    External font `cmex10' loaded for size
(Font)              <10.95> on input line 77.
LaTeX Font Info:    External font `cmex10' loaded for size
(Font)              <8> on input line 77.
LaTeX Font Info:    External font `cmex10' loaded for size
(Font)              <6> on input line 77.
\plusequivbox=\box27
\nwcodetopsep=\skip43
\nwcodepenalty=\count88
\@original@textwidth=\dimen107
\nwcodecommentsep=\skip44
\@nwlopage=\count89
\@nwhipage=\count90
\@nwlosub=\count91
\@nwhisub=\count92
\@nwpagetemp=\count93
\@nwpagecount=\count94
\sub@page=\count95
\@nwalph@n=\count96
\nw@chunkcount=\count97
\@commacount=\count98
\nwix@counter=\count99
) (/usr/share/texmf-texlive/tex/latex/ltxmisc/url.sty
\Urlmuskip=\muskip10
Package: url 2006/04/12  ver 3.3  Verb mode for urls, etc.
)
(/usr/share/texmf-texlive/tex/latex/psnfss/palatino.sty
Package: palatino 2005/04/12 PSNFSS-v9.2a (SPQR) 
)
(/usr/share/texmf-texlive/tex/latex/base/inputenc.sty
Package: inputenc 2008/03/30 v1.1d Input encoding file
\inpenc@prehook=\toks14
\inpenc@posthook=\toks15

(/usr/share/texmf-texlive/tex/latex/base/utf8.def
File: utf8.def 2008/04/05 v1.1m UTF-8 support for inputenc
Now handling font encoding OML ...
... no UTF-8 mapping file for font encoding OML
Now handling font encoding T1 ...
... processing UTF-8 mapping file for font encoding T1

(/usr/share/texmf-texlive/tex/latex/base/t1enc.dfu
File: t1enc.dfu 2008/04/05 v1.1m UTF-8 support for inputenc
   defining Unicode char U+00A1 (decimal 161)
   defining Unicode char U+00A3 (decimal 163)
   defining Unicode char U+00AB (decimal 171)
   defining Unicode char U+00BB (decimal 187)
   defining Unicode char U+00BF (decimal 191)
   defining Unicode char U+00C0 (decimal 192)
   defining Unicode char U+00C1 (decimal 193)
   defining Unicode char U+00C2 (decimal 194)
   defining Unicode char U+00C3 (decimal 195)
   defining Unicode char U+00C4 (decimal 196)
   defining Unicode char U+00C5 (decimal 197)
   defining Unicode char U+00C6 (decimal 198)
   defining Unicode char U+00C7 (decimal 199)
   defining Unicode char U+00C8 (decimal 200)
   defining Unicode char U+00C9 (decimal 201)
   defining Unicode char U+00CA (decimal 202)
   defining Unicode char U+00CB (decimal 203)
   defining Unicode char U+00CC (decimal 204)
   defining Unicode char U+00CD (decimal 205)
   defining Unicode char U+00CE (decimal 206)
   defining Unicode char U+00CF (decimal 207)
   defining Unicode char U+00D0 (decimal 208)
   defining Unicode char U+00D1 (decimal 209)
   defining Unicode char U+00D2 (decimal 210)
   defining Unicode char U+00D3 (decimal 211)
   defining Unicode char U+00D4 (decimal 212)
   defining Unicode char U+00D5 (decimal 213)
   defining Unicode char U+00D6 (decimal 214)
   defining Unicode char U+00D8 (decimal 216)
   defining Unicode char U+00D9 (decimal 217)
   defining Unicode char U+00DA (decimal 218)
   defining Unicode char U+00DB (decimal 219)
   defining Unicode char U+00DC (decimal 220)
   defining Unicode char U+00DD (decimal 221)
   defining Unicode char U+00DE (decimal 222)
   defining Unicode char U+00DF (decimal 223)
   defining Unicode char U+00E0 (decimal 224)
   defining Unicode char U+00E1 (decimal 225)
   defining Unicode char U+00E2 (decimal 226)
   defining Unicode char U+00E3 (decimal 227)
   defining Unicode char U+00E4 (decimal 228)
   defining Unicode char U+00E5 (decimal 229)
   defining Unicode char U+00E6 (decimal 230)
   defining Unicode char U+00E7 (decimal 231)
   defining Unicode char U+00E8 (decimal 232)
   defining Unicode char U+00E9 (decimal 233)
   defining Unicode char U+00EA (decimal 234)
   defining Unicode char U+00EB (decimal 235)
   defining Unicode char U+00EC (decimal 236)
   defining Unicode char U+00ED (decimal 237)
   defining Unicode char U+00EE (decimal 238)
   defining Unicode char U+00EF (decimal 239)
   defining Unicode char U+00F0 (decimal 240)
   defining Unicode char U+00F1 (decimal 241)
   defining Unicode char U+00F2 (decimal 242)
   defining Unicode char U+00F3 (decimal 243)
   defining Unicode char U+00F4 (decimal 244)
   defining Unicode char U+00F5 (decimal 245)
   defining Unicode char U+00F6 (decimal 246)
   defining Unicode char U+00F8 (decimal 248)
   defining Unicode char U+00F9 (decimal 249)
   defining Unicode char U+00FA (decimal 250)
   defining Unicode char U+00FB (decimal 251)
   defining Unicode char U+00FC (decimal 252)
   defining Unicode char U+00FD (decimal 253)
   defining Unicode char U+00FE (decimal 254)
   defining Unicode char U+00FF (decimal 255)
   defining Unicode char U+0102 (decimal 258)
   defining Unicode char U+0103 (decimal 259)
   defining Unicode char U+0104 (decimal 260)
   defining Unicode char U+0105 (decimal 261)
   defining Unicode char U+0106 (decimal 262)
   defining Unicode char U+0107 (decimal 263)
   defining Unicode char U+010C (decimal 268)
   defining Unicode char U+010D (decimal 269)
   defining Unicode char U+010E (decimal 270)
   defining Unicode char U+010F (decimal 271)
   defining Unicode char U+0110 (decimal 272)
   defining Unicode char U+0111 (decimal 273)
   defining Unicode char U+0118 (decimal 280)
   defining Unicode char U+0119 (decimal 281)
   defining Unicode char U+011A (decimal 282)
   defining Unicode char U+011B (decimal 283)
   defining Unicode char U+011E (decimal 286)
   defining Unicode char U+011F (decimal 287)
   defining Unicode char U+0130 (decimal 304)
   defining Unicode char U+0131 (decimal 305)
   defining Unicode char U+0132 (decimal 306)
   defining Unicode char U+0133 (decimal 307)
   defining Unicode char U+0139 (decimal 313)
   defining Unicode char U+013A (decimal 314)
   defining Unicode char U+013D (decimal 317)
   defining Unicode char U+013E (decimal 318)
   defining Unicode char U+0141 (decimal 321)
   defining Unicode char U+0142 (decimal 322)
   defining Unicode char U+0143 (decimal 323)
   defining Unicode char U+0144 (decimal 324)
   defining Unicode char U+0147 (decimal 327)
   defining Unicode char U+0148 (decimal 328)
   defining Unicode char U+014A (decimal 330)
   defining Unicode char U+014B (decimal 331)
   defining Unicode char U+0150 (decimal 336)
   defining Unicode char U+0151 (decimal 337)
   defining Unicode char U+0152 (decimal 338)
   defining Unicode char U+0153 (decimal 339)
   defining Unicode char U+0154 (decimal 340)
   defining Unicode char U+0155 (decimal 341)
   defining Unicode char U+0158 (decimal 344)
   defining Unicode char U+0159 (decimal 345)
   defining Unicode char U+015A (decimal 346)
   defining Unicode char U+015B (decimal 347)
   defining Unicode char U+015E (decimal 350)
   defining Unicode char U+015F (decimal 351)
   defining Unicode char U+0160 (decimal 352)
   defining Unicode char U+0161 (decimal 353)
   defining Unicode char U+0162 (decimal 354)
   defining Unicode char U+0163 (decimal 355)
   defining Unicode char U+0164 (decimal 356)
   defining Unicode char U+0165 (decimal 357)
   defining Unicode char U+016E (decimal 366)
   defining Unicode char U+016F (decimal 367)
   defining Unicode char U+0170 (decimal 368)
   defining Unicode char U+0171 (decimal 369)
   defining Unicode char U+0178 (decimal 376)
   defining Unicode char U+0179 (decimal 377)
   defining Unicode char U+017A (decimal 378)
   defining Unicode char U+017B (decimal 379)
   defining Unicode char U+017C (decimal 380)
   defining Unicode char U+017D (decimal 381)
   defining Unicode char U+017E (decimal 382)
   defining Unicode char U+200C (decimal 8204)
   defining Unicode char U+2013 (decimal 8211)
   defining Unicode char U+2014 (decimal 8212)
   defining Unicode char U+2018 (decimal 8216)
   defining Unicode char U+2019 (decimal 8217)
   defining Unicode char U+201A (decimal 8218)
   defining Unicode char U+201C (decimal 8220)
   defining Unicode char U+201D (decimal 8221)
   defining Unicode char U+201E (decimal 8222)
   defining Unicode char U+2030 (decimal 8240)
   defining Unicode char U+2031 (decimal 8241)
   defining Unicode char U+2039 (decimal 8249)
   defining Unicode char U+203A (decimal 8250)
   defining Unicode char U+2423 (decimal 9251)
)
Now handling font encoding OT1 ...
... processing UTF-8 mapping file for font encoding OT1

(/usr/share/texmf-texlive/tex/latex/base/ot1enc.dfu
File: ot1enc.dfu 2008/04/05 v1.1m UTF-8 support for inputenc
   defining Unicode char U+00A1 (decimal 161)
   defining Unicode char U+00A3 (decimal 163)
   defining Unicode char U+00B8 (decimal 184)
   defining Unicode char U+00BF (decimal 191)
   defining Unicode char U+00C5 (decimal 197)
   defining Unicode char U+00C6 (decimal 198)
   defining Unicode char U+00D8 (decimal 216)
   defining Unicode char U+00DF (decimal 223)
   defining Unicode char U+00E6 (decimal 230)
   defining Unicode char U+00EC (decimal 236)
   defining Unicode char U+00ED (decimal 237)
   defining Unicode char U+00EE (decimal 238)
   defining Unicode char U+00EF (decimal 239)
   defining Unicode char U+00F8 (decimal 248)
   defining Unicode char U+0131 (decimal 305)
   defining Unicode char U+0141 (decimal 321)
   defining Unicode char U+0142 (decimal 322)
   defining Unicode char U+0152 (decimal 338)
   defining Unicode char U+0153 (decimal 339)
   defining Unicode char U+2013 (decimal 8211)
   defining Unicode char U+2014 (decimal 8212)
   defining Unicode char U+2018 (decimal 8216)
   defining Unicode char U+2019 (decimal 8217)
   defining Unicode char U+201C (decimal 8220)
   defining Unicode char U+201D (decimal 8221)
)
Now handling font encoding OMS ...
... processing UTF-8 mapping file for font encoding OMS

(/usr/share/texmf-texlive/tex/latex/base/omsenc.dfu
File: omsenc.dfu 2008/04/05 v1.1m UTF-8 support for inputenc
   defining Unicode char U+00A7 (decimal 167)
   defining Unicode char U+00B6 (decimal 182)
   defining Unicode char U+00B7 (decimal 183)
   defining Unicode char U+2020 (decimal 8224)
   defining Unicode char U+2021 (decimal 8225)
   defining Unicode char U+2022 (decimal 8226)
)
Now handling font encoding OMX ...
... no UTF-8 mapping file for font encoding OMX
Now handling font encoding U ...
... no UTF-8 mapping file for font encoding U
   defining Unicode char U+00A9 (decimal 169)
   defining Unicode char U+00AA (decimal 170)
   defining Unicode char U+00AE (decimal 174)
   defining Unicode char U+00BA (decimal 186)
   defining Unicode char U+02C6 (decimal 710)
   defining Unicode char U+02DC (decimal 732)
   defining Unicode char U+200C (decimal 8204)
   defining Unicode char U+2026 (decimal 8230)
   defining Unicode char U+2122 (decimal 8482)
   defining Unicode char U+2423 (decimal 9251)
))
(/usr/share/texmf-texlive/tex/latex/graphics/epsfig.sty
Package: epsfig 1999/02/16 v1.7a (e)psfig emulation (SPQR)

(/usr/share/texmf-texlive/tex/latex/graphics/graphicx.sty
Package: graphicx 1999/02/16 v1.0f Enhanced LaTeX Graphics (DPC,SPQR)

(/usr/share/texmf-texlive/tex/latex/graphics/keyval.sty
Package: keyval 1999/03/16 v1.13 key=value parser (DPC)
\KV@toks@=\toks16
)
(/usr/share/texmf-texlive/tex/latex/graphics/graphics.sty
Package: graphics 2009/02/05 v1.0o Standard LaTeX Graphics (DPC,SPQR)

(/usr/share/texmf-texlive/tex/latex/graphics/trig.sty
Package: trig 1999/03/16 v1.09 sin cos tan (DPC)
)
(/etc/texmf/tex/latex/config/graphics.cfg
File: graphics.cfg 2009/08/28 v1.8 graphics configuration of TeX Live
)
Package graphics Info: Driver file: dvips.def on input line 91.

(/usr/share/texmf-texlive/tex/latex/graphics/dvips.def
File: dvips.def 1999/02/16 v3.0i Driver-dependant file (DPC,SPQR)
))
\Gin@req@height=\dimen108
\Gin@req@width=\dimen109
)
\epsfxsize=\dimen110
\epsfysize=\dimen111
)
(/usr/share/texmf-texlive/tex/latex/graphics/color.sty
Package: color 2005/11/14 v1.0j Standard LaTeX Color (DPC)

(/etc/texmf/tex/latex/config/color.cfg
File: color.cfg 2007/01/18 v1.5 color configuration of teTeX/TeXLive
)
Package color Info: Driver file: pdftex.def on input line 130.

(/usr/share/texmf-texlive/tex/latex/pdftex-def/pdftex.def
File: pdftex.def 2010/03/12 v0.04p Graphics/color for pdfTeX
\Gread@gobject=\count100
))
(/usr/share/texmf-texlive/tex/latex/misc209/psboxit.sty
\gray@box=\box28
\gray@space=\dimen112
) (./doublespace.sty)
(/usr/share/texmf-texlive/tex/latex/tools/multicol.sty
Package: multicol 2008/12/05 v1.6h multicolumn formatting (FMi)
\c@tracingmulticols=\count101
\mult@box=\box29
\multicol@leftmargin=\dimen113
\c@unbalance=\count102
\c@collectmore=\count103
\doublecol@number=\count104
\multicoltolerance=\count105
\multicolpretolerance=\count106
\full@width=\dimen114
\page@free=\dimen115
\premulticols=\dimen116
\postmulticols=\dimen117
\multicolsep=\skip45
\multicolbaselineskip=\skip46
\partial@page=\box30
\last@line=\box31
\mult@rightbox=\box32
\mult@grightbox=\box33
\mult@gfirstbox=\box34
\mult@firstbox=\box35
\@tempa=\box36
\@tempa=\box37
\@tempa=\box38
\@tempa=\box39
\@tempa=\box40
\@tempa=\box41
\@tempa=\box42
\@tempa=\box43
\@tempa=\box44
\@tempa=\box45
\@tempa=\box46
\@tempa=\box47
\@tempa=\box48
\@tempa=\box49
\@tempa=\box50
\@tempa=\box51
\@tempa=\box52
\c@columnbadness=\count107
\c@finalcolumnbadness=\count108
\last@try=\dimen118
\multicolovershoot=\dimen119
\multicolundershoot=\dimen120
\mult@nat@firstbox=\box53
\colbreak@box=\box54
)
(/usr/share/texmf-texlive/tex/latex/nomencl/nomencl.sty
Package: nomencl 2005/09/22 v4.2 Nomenclature package (LN)
\nomlabelwidth=\dimen121
\nom@tempdim=\dimen122
\nomitemsep=\skip47
) (./avm.sty
\avmdimen=\dimen123
\avmboxone=\box55
\avmboxthree=\box56
)
(./chicago.sty
Using Chicago Manual of Style bibliography: 31 August 1992
\bibhang=\skip48
\bibindent=\dimen124
) (/usr/share/texmf-texlive/tex/latex/amsmath/amsmath.sty
Package: amsmath 2000/07/18 v2.13 AMS math features
\@mathmargin=\skip49

For additional information on amsmath, use the `?' option.
(/usr/share/texmf-texlive/tex/latex/amsmath/amstext.sty
Package: amstext 2000/06/29 v2.01

(/usr/share/texmf-texlive/tex/latex/amsmath/amsgen.sty
File: amsgen.sty 1999/11/30 v2.0
\@emptytoks=\toks17
\ex@=\dimen125
))
(/usr/share/texmf-texlive/tex/latex/amsmath/amsbsy.sty
Package: amsbsy 1999/11/29 v1.2d
\pmbraise@=\dimen126
)
(/usr/share/texmf-texlive/tex/latex/amsmath/amsopn.sty
Package: amsopn 1999/12/14 v2.01 operator names
)
\inf@bad=\count109
LaTeX Info: Redefining \frac on input line 211.
\uproot@=\count110
\leftroot@=\count111
LaTeX Info: Redefining \overline on input line 307.
\classnum@=\count112
\DOTSCASE@=\count113
LaTeX Info: Redefining \ldots on input line 379.
LaTeX Info: Redefining \dots on input line 382.
LaTeX Info: Redefining \cdots on input line 467.
\Mathstrutbox@=\box57
\strutbox@=\box58
\big@size=\dimen127
LaTeX Font Info:    Redeclaring font encoding OML on input line 567.
LaTeX Font Info:    Redeclaring font encoding OMS on input line 568.
\macc@depth=\count114
\c@MaxMatrixCols=\count115
\dotsspace@=\muskip11
\c@parentequation=\count116
\dspbrk@lvl=\count117
\tag@help=\toks18
\row@=\count118
\column@=\count119
\maxfields@=\count120
\andhelp@=\toks19
\eqnshift@=\dimen128
\alignsep@=\dimen129
\tagshift@=\dimen130
\tagwidth@=\dimen131
\totwidth@=\dimen132
\lineht@=\dimen133
\@envbody=\toks20
\multlinegap=\skip50
\multlinetaggap=\skip51
\mathdisplay@stack=\toks21
LaTeX Info: Redefining \[ on input line 2666.
LaTeX Info: Redefining \] on input line 2667.
)
(/usr/share/texmf-texlive/tex/latex/amsfonts/amssymb.sty
Package: amssymb 2009/06/22 v3.00

(/usr/share/texmf-texlive/tex/latex/amsfonts/amsfonts.sty
Package: amsfonts 2009/06/22 v3.00 Basic AMSFonts support
\symAMSa=\mathgroup4
\symAMSb=\mathgroup5
LaTeX Font Info:    Overwriting math alphabet `\mathfrak' in version `bold'
(Font)                  U/euf/m/n --> U/euf/b/n on input line 96.
))
(/usr/share/texmf-texlive/tex/latex/index/index.sty
Package: index 2004/01/20 v4.2beta Improved index support (dmj)
\@indexbox=\insert233
\indexproofstyle=\toks22
)
\idxtitle@default=\toks23
\tf@default=\write3
\openout3 = `document.idx'.

Package index Info: Writing index file document.idx on input line 94.
\idxtitle@aut=\toks24
\tf@aut=\write4
\openout4 = `document.adx'.

Package index Info: Writing index file document.adx on input line 95.

(/usr/share/texmf-texlive/tex/latex/floatflt/floatflt.sty
Package: floatflt 1997/07/16 v. 1.31
\c@OptionTest=\count121
\figbox=\box59
\tabbox=\box60
\pagebox=\box61
\ffigcount=\count122
\ftabcount=\count123
\fftest=\count124
\hangcount=\count125
\nosuccesstryfig=\count126
\nosuccesstrytab=\count127
\figgutter=\dimen134
\tabgutter=\dimen135
\htdone=\dimen136
\pageht=\dimen137
\startpageht=\dimen138
\tabbredd=\dimen139
\floatfltwidth=\dimen140
\fltitemwidth=\dimen141
\outputpretest=\toks25
)
(/usr/share/texmf-texlive/tex/latex/wrapfig/wrapfig.sty
\wrapoverhang=\dimen142
\WF@size=\dimen143
\c@WF@wrappedlines=\count128
\WF@box=\box62
\WF@everypar=\toks26
Package: wrapfig 2003/01/31  v 3.6
)
(/usr/share/texmf-texlive/tex/latex/hyperref/hyperref.sty
Package: hyperref 2009/10/09 v6.79a Hypertext links for LaTeX

(/usr/share/texmf-texlive/tex/generic/oberdiek/ifpdf.sty
Package: ifpdf 2009/04/10 v2.0 Provides the ifpdf switch (HO)
Package ifpdf Info: pdfTeX in pdf mode detected.
)
(/usr/share/texmf-texlive/tex/generic/oberdiek/ifvtex.sty
Package: ifvtex 2008/11/04 v1.4 Switches for detecting VTeX and its modes (HO)
Package ifvtex Info: VTeX not detected.
)
(/usr/share/texmf-texlive/tex/generic/ifxetex/ifxetex.sty
Package: ifxetex 2009/01/23 v0.5 Provides ifxetex conditional
)
(/usr/share/texmf-texlive/tex/latex/oberdiek/hycolor.sty
Package: hycolor 2009/10/02 v1.5 Code for color options of hyperref/bookmark (H
O)

(/usr/share/texmf-texlive/tex/latex/oberdiek/xcolor-patch.sty
Package: xcolor-patch 2009/10/02 xcolor patch
))
\@linkdim=\dimen144
\Hy@linkcounter=\count129
\Hy@pagecounter=\count130

(/usr/share/texmf-texlive/tex/latex/hyperref/pd1enc.def
File: pd1enc.def 2009/10/09 v6.79a Hyperref: PDFDocEncoding definition (HO)
Now handling font encoding PD1 ...
... no UTF-8 mapping file for font encoding PD1
)
(/usr/share/texmf-texlive/tex/generic/oberdiek/etexcmds.sty
Package: etexcmds 2007/12/12 v1.2 Prefix for e-TeX command names (HO)

(/usr/share/texmf-texlive/tex/generic/oberdiek/infwarerr.sty
Package: infwarerr 2007/09/09 v1.2 Providing info/warning/message (HO)
)
Package etexcmds Info: Could not find \expanded.
(etexcmds)             That can mean that you are not using pdfTeX 1.50 or
(etexcmds)             that some package has redefined \expanded.
(etexcmds)             In the latter case, load this package earlier.
)
(/usr/share/texmf-texlive/tex/latex/latexconfig/hyperref.cfg
File: hyperref.cfg 2002/06/06 v1.2 hyperref configuration of TeXLive
)
(/usr/share/texmf-texlive/tex/latex/oberdiek/kvoptions.sty
Package: kvoptions 2009/08/13 v3.4 Keyval support for LaTeX options (HO)

(/usr/share/texmf-texlive/tex/generic/oberdiek/kvsetkeys.sty
Package: kvsetkeys 2009/07/30 v1.5 Key value parser with default handler suppor
t (HO)
))
Package hyperref Info: Option `final' set `true' on input line 2864.
Package hyperref Info: Option `colorlinks' set `true' on input line 2864.
Package hyperref Info: Option `hyperindex' set `true' on input line 2864.
Package hyperref Info: Hyper figures OFF on input line 2975.
Package hyperref Info: Link nesting OFF on input line 2980.
Package hyperref Info: Hyper index ON on input line 2983.
Package hyperref Info: Plain pages OFF on input line 2990.
Package hyperref Info: Backreferencing OFF on input line 2995.

Implicit mode ON; LaTeX internals redefined
Package hyperref Info: Bookmarks ON on input line 3191.
LaTeX Info: Redefining \url on input line 3428.
(/usr/share/texmf-texlive/tex/generic/oberdiek/bitset.sty
Package: bitset 2007/09/28 v1.0 Data type bit set (HO)

(/usr/share/texmf-texlive/tex/generic/oberdiek/intcalc.sty
Package: intcalc 2007/09/27 v1.1 Expandable integer calculations (HO)
)
(/usr/share/texmf-texlive/tex/generic/oberdiek/bigintcalc.sty
Package: bigintcalc 2007/11/11 v1.1 Expandable big integer calculations (HO)

(/usr/share/texmf-texlive/tex/generic/oberdiek/pdftexcmds.sty
Package: pdftexcmds 2009/09/23 v0.6 LuaTeX support for pdfTeX utility functions
 (HO)

(/usr/share/texmf-texlive/tex/generic/oberdiek/ifluatex.sty
Package: ifluatex 2009/04/17 v1.2 Provides the ifluatex switch (HO)
Package ifluatex Info: LuaTeX not detected.
)
(/usr/share/texmf-texlive/tex/generic/oberdiek/ltxcmds.sty
Package: ltxcmds 2009/08/05 v1.0 Some LaTeX kernel commands for general use (HO
)
)
Package pdftexcmds Info: LuaTeX not detected.
Package pdftexcmds Info: \pdf@primitive is available.
Package pdftexcmds Info: \pdf@ifprimitive is available.
)))
\Fld@menulength=\count131
\Field@Width=\dimen145
\Fld@charsize=\dimen146
\Field@toks=\toks27
Package hyperref Info: Hyper figures OFF on input line 4377.
Package hyperref Info: Link nesting OFF on input line 4382.
Package hyperref Info: Hyper index ON on input line 4385.
Package hyperref Info: backreferencing OFF on input line 4392.
Package hyperref Info: Link coloring ON on input line 4395.
Package hyperref Info: Link coloring with OCG OFF on input line 4402.
Package hyperref Info: PDF/A mode OFF on input line 4407.

(/usr/share/texmf-texlive/tex/generic/oberdiek/atbegshi.sty
Package: atbegshi 2008/07/31 v1.9 At begin shipout hook (HO)
)
\Hy@abspage=\count132
\c@Item=\count133
\c@Hfootnote=\count134
)
*hyperref using default driver hpdftex*
(/usr/share/texmf-texlive/tex/latex/hyperref/hpdftex.def
File: hpdftex.def 2009/10/09 v6.79a Hyperref driver for pdfTeX
\Fld@listcount=\count135
)
epsfig option `silent' ignored
\s@ch@@ghtb@x=\box63
LaTeX Font Info:    Try loading font information for OT1+ppl on input line 146.

(/usr/share/texmf-texlive/tex/latex/psnfss/ot1ppl.fd
File: ot1ppl.fd 2001/06/04 font definitions for OT1/ppl.
)
\@nv@s@bl@=\box64
\s@cskip=\dimen147
\@glossaryfile=\write5
\openout5 = `document.glo'.


Writing glossary file document.glo 
) (/usr/share/texmf-texlive/tex/latex/subfigure/subfigure.sty
Package: subfigure 2002/03/15 v2.1.5 subfigure package
\subfigtopskip=\skip52
\subfigcapskip=\skip53
\subfigcaptopadj=\dimen148
\subfigbottomskip=\skip54
\subfigcapmargin=\dimen149
\subfiglabelskip=\skip55
\c@subfigure=\count136
\c@lofdepth=\count137
\c@subtable=\count138
\c@lotdepth=\count139

****************************************
* Local config file subfigure.cfg used *
****************************************
(/usr/share/texmf-texlive/tex/latex/subfigure/subfigure.cfg)
\subfig@top=\skip56
\subfig@bottom=\skip57
)
(/usr/share/texmf-texlive/tex/latex/algorithmicx/algpseudocode.sty
Package: algpseudocode 

(/usr/share/texmf-texlive/tex/latex/base/ifthen.sty
Package: ifthen 2001/05/26 v1.1c Standard LaTeX ifthen package (DPC)
)
(/usr/share/texmf-texlive/tex/latex/algorithmicx/algorithmicx.sty
Package: algorithmicx 2005/04/27 v1.2 Algorithmicx

Document Style algorithmicx 1.2 - a greatly improved `algorithmic' style
\c@ALG@line=\count140
\c@ALG@rem=\count141
\c@ALG@nested=\count142
\ALG@tlm=\skip58
\ALG@thistlm=\skip59
\c@ALG@Lnr=\count143
\c@ALG@blocknr=\count144
\c@ALG@storecount=\count145
\c@ALG@tmpcounter=\count146
\ALG@tmplength=\skip60
)
Document Style - pseudocode environments for use with the `algorithmicx' style
) (/usr/share/texmf-texlive/tex/latex/algorithms/algorithm.sty
Package: algorithm 2009/08/24 v0.1 Document Style `algorithm' - floating enviro
nment

(/usr/share/texmf-texlive/tex/latex/float/float.sty
Package: float 2001/11/08 v1.3d Float enhancements (AL)
\c@float@type=\count147
\float@exts=\toks28
\float@box=\box65
\@float@everytoks=\toks29
\@floatcapt=\box66
)
\@float@every@algorithm=\toks30
\c@algorithm=\count148
)
(/usr/share/texmf-texlive/tex/latex/caption/caption.sty
Package: caption 2009/10/09 v3.1k Customizing captions (AR)

(/usr/share/texmf-texlive/tex/latex/caption/caption3.sty
Package: caption3 2009/10/09 v3.1k caption3 kernel (AR)
\captionmargin=\dimen150
\captionmargin@=\dimen151
\captionwidth=\dimen152
\caption@indent=\dimen153
\caption@parindent=\dimen154
\caption@hangindent=\dimen155
)
\c@ContinuedFloat=\count149
Package caption Info: float package is loaded.
Package caption Info: floatflt package is loaded.
Package caption Info: hyperref package is loaded.
Package caption Info: subfigure package is loaded.
Package caption Info: wrapfig package is loaded.
)
(/usr/share/texmf-texlive/tex/latex/fancyvrb/fancyvrb.sty
Package: fancyvrb 2008/02/07

Style option: `fancyvrb' v2.7a, with DG/SPQR fixes, and firstline=lastline fix 
<2008/02/07> (tvz)
\FV@CodeLineNo=\count150
\FV@InFile=\read1
\FV@TabBox=\box67
\c@FancyVerbLine=\count151
\FV@StepNumber=\count152
\FV@OutFile=\write6
) (./document.aux)
\openout1 = `document.aux'.

LaTeX Font Info:    Checking defaults for OML/cmm/m/it on input line 60.
LaTeX Font Info:    ... okay on input line 60.
LaTeX Font Info:    Checking defaults for T1/cmr/m/n on input line 60.
LaTeX Font Info:    ... okay on input line 60.
LaTeX Font Info:    Checking defaults for OT1/cmr/m/n on input line 60.
LaTeX Font Info:    ... okay on input line 60.
LaTeX Font Info:    Checking defaults for OMS/cmsy/m/n on input line 60.
LaTeX Font Info:    ... okay on input line 60.
LaTeX Font Info:    Checking defaults for OMX/cmex/m/n on input line 60.
LaTeX Font Info:    ... okay on input line 60.
LaTeX Font Info:    Checking defaults for U/cmr/m/n on input line 60.
LaTeX Font Info:    ... okay on input line 60.
LaTeX Font Info:    Checking defaults for PD1/pdf/m/n on input line 60.
LaTeX Font Info:    ... okay on input line 60.

(/usr/share/texmf-texlive/tex/context/base/supp-pdf.mkii
[Loading MPS to PDF converter (version 2006.09.02).]
\scratchcounter=\count153
\scratchdimen=\dimen156
\scratchbox=\box68
\nofMPsegments=\count154
\nofMParguments=\count155
\everyMPshowfont=\toks31
\MPscratchCnt=\count156
\MPscratchDim=\dimen157
\MPnumerator=\count157
\everyMPtoPDFconversion=\toks32
)
Package hyperref Info: Link coloring ON on input line 60.
 (/usr/share/texmf-texlive/tex/latex/hyperref/nameref.sty
Package: nameref 2007/05/29 v2.31 Cross-referencing by name of section

(/usr/share/texmf-texlive/tex/latex/oberdiek/refcount.sty
Package: refcount 2008/08/11 v3.1 Data extraction from references (HO)
)
\c@section@level=\count158
)
LaTeX Info: Redefining \ref on input line 60.
LaTeX Info: Redefining \pageref on input line 60.
 (./document.out)
(./document.out)
\@outlinefile=\write7
\openout7 = `document.out'.

\AtBeginShipoutBox=\box69
Package caption Info: Begin \AtBeginDocument code.
Package caption Info: End \AtBeginDocument code.
 (./0000-preliminar.tex

Package hyperref Warning: Option `colorlinks' has already been used,
(hyperref)                setting the option has no effect on input line 42.

Package hyperref Info: Option `debug' set `false' on input line 42.
Package hyperref Info: Option `bookmarksopen' set `true' on input line 42.
LaTeX Font Info:    Try loading font information for U+msa on input line 59.
(/usr/share/texmf-texlive/tex/latex/amsfonts/umsa.fd
File: umsa.fd 2009/06/22 v3.00 AMS symbols A
)
LaTeX Font Info:    Try loading font information for U+msb on input line 59.

(/usr/share/texmf-texlive/tex/latex/amsfonts/umsb.fd
File: umsb.fd 2009/06/22 v3.00 AMS symbols B
)
<figs/preliminar/Logo_IST_web.pdf, id=195, 459.7175pt x 117.43875pt>
File: figs/preliminar/Logo_IST_web.pdf Graphic file (type pdf)

<use figs/preliminar/Logo_IST_web.pdf>
LaTeX Font Info:    Font shape `OT1/ppl/bx/n' in size <17.28> not available
(Font)              Font shape `OT1/ppl/b/n' tried instead on input line 76.
LaTeX Font Info:    Font shape `OT1/ppl/bx/n' in size <14.4> not available
(Font)              Font shape `OT1/ppl/b/n' tried instead on input line 89.

Overfull \vbox (3.36363pt too high) detected at line 103
 []


Overfull \vbox (11.79163pt too high) detected at line 126
 []


Overfull \vbox (20.68036pt too high) detected at line 149
 []


Underfull \vbox (badness 10000) detected at line 151
 []

[1

pdfTeX warning: pdflatex: pop empty color page stack 0

Non-PDF special ignored!{/var/lib/texmf/fonts/map/pdftex/updmap/pdftex.map} <./
figs/preliminar/Logo_IST_web.pdf>] [2

] [3] [4

]
Underfull \hbox (badness 10000) in paragraph at lines 215--223

 []

[5] [6

] [7] [8

] (./document.toc
LaTeX Font Info:    Font shape `OT1/ppl/bx/n' in size <10.95> not available
(Font)              Font shape `OT1/ppl/b/n' tried instead on input line 1.
 [1

] [2])
\tf@toc=\write8
\openout8 = `document.toc'.

 [3] [4

] (./document.lof)
\tf@lof=\write9
\openout9 = `document.lof'.

 [5] [6

]
(./document.lot)
\tf@lot=\write10
\openout10 = `document.lot'.

 [7] [8

]) (./Introduction.tex
Chapter 1.

Underfull \hbox (badness 10000) in paragraph at lines 29--32

 []


Underfull \hbox (badness 10000) in paragraph at lines 29--32

 []


Underfull \hbox (badness 10000) in paragraph at lines 29--32

 []


Underfull \hbox (badness 10000) in paragraph at lines 29--32

 []

pdfTeX warning (ext4): destination with the same identifier (name{page.1}) has 
been already used, duplicate ignored
<to be read again> 
                   \relax 
l.34 \begin{enumerate}
                       [1

]pdfTeX warning (ext4): destination with the same identifier (name{page.2}) has
 been already used, duplicate ignored
<to be read again> 
                   \relax 
l.51 \item A
            ble to take multiple snapshots and nested snapshots on directori...
[2]) (./Background_and_Related_Work.texpdfTeX warning (ext4): destination with 
the same identifier (name{page.3}) has been already used, duplicate ignored
<to be read again> 
                   \relax 
l.23 \chapter
             {Background and Related Work} [3]pdfTeX warning (ext4): destinatio
n with the same identifier (name{page.4}) has been already used, duplicate igno
red
<to be read again> 
                   \relax 
l.23 \chapter
             {Background and Related Work} [4

]
Chapter 2.
pdfTeX warning (ext4): destination with the same identifier (name{page.5}) has 
been already used, duplicate ignored
<to be read again> 
                   \relax 
l.46  \subsection
                 {HDFS Architecture} [5]
LaTeX Font Info:    Font shape `OT1/ppl/bx/n' in size <12> not available
(Font)              Font shape `OT1/ppl/b/n' tried instead on input line 46.

<figs/preliminar/HDFS_Architecture.png, id=412, 960.58875pt x 599.23875pt>
File: figs/preliminar/HDFS_Architecture.png Graphic file (type png)

<use figs/preliminar/HDFS_Architecture.png>
Overfull \hbox (25.04912pt too wide) in paragraph at lines 57--58
 [][] 
 []

pdfTeX warning (ext4): destination with the same identifier (name{page.6}) has 
been already used, duplicate ignored
<to be read again> 
                   \relax 
l.74 
      [6 <./figs/preliminar/HDFS_Architecture.png>]
Package hyperref Info: bookmark level for unknown algorithm defaults to 0 on in
put line 76.
pdfTeX warning (ext4): destination with the same identifier (name{page.7}) has 
been already used, duplicate ignored
<to be read again> 
                   \relax 
l.111 \item \textbf
                   {Primitive NameNode Operations}\\ [7]pdfTeX warning (ext4): 
destination with the same identifier (name{page.8}) has been already used, dupl
icate ignored
<to be read again> 
                   \relax 
l.156 
       [8] [9]
<figs/preliminar/HOP_table_relation.png, id=451, 733.74126pt x 421.575pt>
File: figs/preliminar/HOP_table_relation.png Graphic file (type png)

<use figs/preliminar/HOP_table_relation.png>
<figs/preliminar/HOP_HDFS_Schema.png, id=452, 761.84625pt x 891.33pt>
File: figs/preliminar/HOP_HDFS_Schema.png Graphic file (type png)

<use figs/preliminar/HOP_HDFS_Schema.png> [10]
Overfull \hbox (62.23941pt too wide) in paragraph at lines 238--284
 [][] 
 []


Underfull \hbox (badness 10000) in paragraph at lines 289--307

 []


Underfull \hbox (badness 4060) in paragraph at lines 289--307
\OMS/cmsy/m/n/10.95 ^^@8\OT1/cmr/m/n/10.95 (\OML/cmm/m/it/10.95 w[]; w[]\OT1/cm
r/m/n/10.95 ) \OML/cmm/m/it/10.95 if X[] \OMS/cmsy/m/n/10.95 \ \OML/cmm/m/it/10
.95 X[] \OMS/cmsy/m/n/10.95 6\OT1/cmr/m/n/10.95 = \OML/cmm/m/it/10.95 ^^^$ \OT1
/ppl/m/n/10.95 then trans-ac-tions of $\OT1/cmr/m/n/10.95 (\OML/cmm/m/it/10.95 
w[]; w[]\OT1/cmr/m/n/10.95 )$ \OT1/ppl/m/n/10.95 must be se-ri-al-ized;
 []


Underfull \hbox (badness 10000) in paragraph at lines 289--307

 []

[11 <./figs/preliminar/HOP_table_relation.png>] [12 <./figs/preliminar/HOP_HDFS
_Schema.png>] [13] [14]
<figs/preliminar/mysql_cluster.png, id=498, 585.18625pt x 373.395pt>
File: figs/preliminar/mysql_cluster.png Graphic file (type png)

<use figs/preliminar/mysql_cluster.png> [15]
<figs/preliminar/nodegroups.png, id=504, 501.875pt x 506.89375pt>
File: figs/preliminar/nodegroups.png Graphic file (type png)

<use figs/preliminar/nodegroups.png> [16 <./figs/preliminar/mysql_cluster.png>]
[17 <./figs/preliminar/nodegroups.png>] [18]) (./solution.tex [19] [20

]
Chapter 3.
[21]
Underfull \hbox (badness 10000) in paragraph at lines 77--87

 []


Overfull \hbox (50.32988pt too wide) in paragraph at lines 77--87
[] 
 []


Underfull \hbox (badness 10000) in paragraph at lines 77--87

 []


Underfull \hbox (badness 10000) in paragraph at lines 87--97

 []


Overfull \hbox (50.32988pt too wide) in paragraph at lines 87--97
[] 
 []


Underfull \hbox (badness 10000) in paragraph at lines 87--97

 []


Underfull \hbox (badness 10000) in paragraph at lines 100--110

 []


Underfull \hbox (badness 10000) in paragraph at lines 100--110

 []


Underfull \hbox (badness 10000) in paragraph at lines 111--120

 []


Underfull \hbox (badness 10000) in paragraph at lines 111--120

 []

[22]
Underfull \hbox (badness 10000) in paragraph at lines 123--132

 []


Underfull \hbox (badness 10000) in paragraph at lines 123--132

 []


Underfull \hbox (badness 10000) in paragraph at lines 133--143

 []


Underfull \hbox (badness 10000) in paragraph at lines 133--143

 []


Underfull \hbox (badness 10000) in paragraph at lines 144--154

 []


Underfull \hbox (badness 10000) in paragraph at lines 144--154

 []


Underfull \hbox (badness 10000) in paragraph at lines 155--164

 []


Underfull \hbox (badness 10000) in paragraph at lines 155--164

 []


Underfull \hbox (badness 1005) in paragraph at lines 155--164
\OT1/ppl/m/n/10.95 When a di-rec-tory or file is moved into this di-rec-tory(wi
th in-ode[] id) from other
 []

[23]
Underfull \hbox (badness 10000) in paragraph at lines 165--174

 []


Underfull \hbox (badness 10000) in paragraph at lines 165--174

 []


Underfull \hbox (badness 10000) in paragraph at lines 175--185

 []


Underfull \hbox (badness 10000) in paragraph at lines 175--185

 []

<figs/preliminar/FileSystemExample.png, id=564, 527.9725pt x 220.825pt>
File: figs/preliminar/FileSystemExample.png Graphic file (type png)

<use figs/preliminar/FileSystemExample.png> [24]
Underfull \hbox (badness 10000) in paragraph at lines 215--216

 []


Overfull \hbox (4.25708pt too wide) in paragraph at lines 217--239
[][] 
 []

[25 <./figs/preliminar/FileSystemExample.png>]
Underfull \hbox (badness 10000) in paragraph at lines 245--246

 []


Underfull \hbox (badness 10000) in paragraph at lines 262--263

 []


Underfull \hbox (badness 10000) in paragraph at lines 280--281

 []


Underfull \hbox (badness 10000) in paragraph at lines 294--295

 []


LaTeX Warning: `h' float specifier changed to `ht'.


Underfull \hbox (badness 10000) in paragraph at lines 308--309

 []

[26]
LaTeX Font Info:    Try loading font information for OT1+pcr on input line 324.

 (/usr/share/texmf-texlive/tex/latex/psnfss/ot1pcr.fd
File: ot1pcr.fd 2001/06/04 font definitions for OT1/pcr.
)
Overfull \hbox (136.0552pt too wide) in paragraph at lines 358--358
[]    \OT1/pcr/m/n/10.95 children = childen - { children deleted before stime} 
-{ children created after stime}[] 
 []


Overfull \hbox (267.45505pt too wide) in paragraph at lines 358--358
[]                \OT1/pcr/m/n/10.95 #This child modified first then moved.So r
eturn the row stored M-List with modChd.modifiedTime[] 
 []

[27]
Underfull \hbox (badness 10000) in paragraph at lines 361--362

 []

[28]
Underfull \hbox (badness 10000) in paragraph at lines 386--394

 []


Underfull \hbox (badness 10000) in paragraph at lines 382--397

 []


Underfull \hbox (badness 10000) in paragraph at lines 399--407

 []

LaTeX Font Info:    Try loading font information for OMS+ppl on input line 409.

(/usr/share/texmf-texlive/tex/latex/psnfss/omsppl.fd
File: omsppl.fd 
)
LaTeX Font Info:    Font shape `OMS/ppl/m/n' in size <10.95> not available
(Font)              Font shape `OMS/cmsy/m/n' tried instead on input line 409.
 [29]
Underfull \hbox (badness 10000) in paragraph at lines 429--438

 []


Underfull \hbox (badness 10000) in paragraph at lines 429--438

 []

[30]
Underfull \hbox (badness 10000) in paragraph at lines 442--446

 []


Underfull \hbox (badness 10000) in paragraph at lines 447--448

 []

<figs/preliminar/Approach2.png, id=608, 669.50125pt x 254.9525pt>
File: figs/preliminar/Approach2.png Graphic file (type png)

<use figs/preliminar/Approach2.png>
Overfull \hbox (80.35765pt too wide) in paragraph at lines 451--452
 [][] 
 []


LaTeX Warning: `h' float specifier changed to `ht'.

[31] [32 <./figs/preliminar/Approach2.png (PNG copy)>]
Underfull \hbox (badness 10000) in paragraph at lines 493--494

 []

[33]
Underfull \hbox (badness 10000) in paragraph at lines 517--527

 []


Overfull \hbox (50.32988pt too wide) in paragraph at lines 517--527
[] 
 []


Underfull \hbox (badness 10000) in paragraph at lines 517--527

 []


Underfull \hbox (badness 10000) in paragraph at lines 527--539

 []


Overfull \hbox (50.32988pt too wide) in paragraph at lines 527--539
[] 
 []


Underfull \hbox (badness 10000) in paragraph at lines 527--539

 []

[34]
Underfull \hbox (badness 10000) in paragraph at lines 545--557

 []


Overfull \hbox (50.32988pt too wide) in paragraph at lines 545--557
[] 
 []


Underfull \hbox (badness 10000) in paragraph at lines 545--557

 []

[35]
Overfull \hbox (84.59036pt too wide) in paragraph at lines 691--691
 []        \OT1/pcr/m/n/10.95 //parentStck is used to track completion of proce
ssing of a directory.[] 
 []


Overfull \hbox (58.3104pt too wide) in paragraph at lines 691--691
 []             \OT1/pcr/m/n/10.95 * This Inode can be a directory or file also
 it can be new or[] 
 []


Overfull \hbox (18.89044pt too wide) in paragraph at lines 691--691
 []                    \OT1/pcr/m/n/10.95 if(tempNode.getStatus()==SnapShotCons
tants.New){[] 
 []

[36]
Overfull \hbox (51.7404pt too wide) in paragraph at lines 691--691
 []                    \OT1/pcr/m/n/10.95 children = ((INodeDirectory) tempNode
).getChildren();[] 
 []


Overfull \hbox (5.75046pt too wide) in paragraph at lines 691--691
 []                    \OT1/pcr/m/n/10.95 if (children != null && !children.isE
mpty()) {[] 
 []


Overfull \hbox (38.60042pt too wide) in paragraph at lines 691--691
 []                     \OT1/pcr/m/n/10.95 //update the ancestors about changes
 in the quota.[] 
 []


Overfull \hbox (5.75046pt too wide) in paragraph at lines 691--691
 []                     \OT1/pcr/m/n/10.95 //Remove the blocks associated with 
this file[] 
 []

[37]
Underfull \hbox (badness 10000) in paragraph at lines 714--716

 []

[38]
Overfull \hbox (44.07532pt too wide) in paragraph at lines 809--809
[]    \OT1/pcr/m/n/10.95 List<INode> oldRows =  select * from inodes where id<=
end and id>=start;[] 
 []

[39]
Overfull \hbox (17.79535pt too wide) in paragraph at lines 809--809
[]    \OT1/pcr/m/n/10.95 pool.add(new UpdateRunnableForCoulmnIsDeletd(count,cou
nt+BlockSize);[] 
 []

[40]
Overfull \hbox (11.22536pt too wide) in paragraph at lines 809--809
[]    \OT1/pcr/m/n/10.95 pool.add(new UpdateRunnableForColumnId(count,count+Blo
ckSize,lock);[] 
 []

) (./evaluation.tex [41] [42

]
Chapter 4.
<figs/preliminar/Benchmark1.png, id=685, 724.7075pt x 372.39125pt>
File: figs/preliminar/Benchmark1.png Graphic file (type png)

<use figs/preliminar/Benchmark1.png>
Overfull \hbox (124.5227pt too wide) in paragraph at lines 42--43
 [][] 
 []

<figs/preliminar/benchmark_graph2.png, id=686, 642.4pt x 481.8pt>
File: figs/preliminar/benchmark_graph2.png Graphic file (type png)

<use figs/preliminar/benchmark_graph2.png>
<figs/preliminar/Facebook_Snapshots.png, id=691, 698.61pt x 486.81876pt>
File: figs/preliminar/Facebook_Snapshots.png Graphic file (type png)

<use figs/preliminar/Facebook_Snapshots.png> [43] [44 <./figs/preliminar/Benchm
ark1.png (PNG copy)> <./figs/preliminar/benchmark_graph2.png (PNG copy)>]
<figs/preliminar/MySqlServerSingleSnapshotEval.png, id=710, 696.6025pt x 430.60
875pt>
File: figs/preliminar/MySqlServerSingleSnapshotEval.png Graphic file (type png)

 <use figs/preliminar/MySqlServerSingleSnapshotEval.png> [45 <./figs/preliminar
/Facebook_Snapshots.png (PNG copy)>]
<figs/preliminar/MySqlServerSingleSnapshotEvalGraph.png, id=717, 642.4pt x 481.
8pt>
File: figs/preliminar/MySqlServerSingleSnapshotEvalGraph.png Graphic file (type
 png)
 <use figs/preliminar/MySqlServerSingleSnapshotEvalGraph.png>
Underfull \hbox (badness 10000) in paragraph at lines 83--86

 []


<figs/preliminar/ClusterJSingleSnapshotEval.png, id=719, 697.60625pt x 433.62pt
>
File: figs/preliminar/ClusterJSingleSnapshotEval.png Graphic file (type png)
 <use figs/preliminar/ClusterJSingleSnapshotEval.png>
<figs/preliminar/benchmark_Clusterj.png, id=720, 642.4pt x 481.8pt>
File: figs/preliminar/benchmark_Clusterj.png Graphic file (type png)

<use figs/preliminar/benchmark_Clusterj.png>) (./conclusion.tex [46 <./figs/pre
liminar/MySqlServerSingleSnapshotEval.png (PNG copy)>] [47 <./figs/preliminar/M
ySqlServerSingleSnapshotEvalGraph.png (PNG copy)> <./figs/preliminar/ClusterJSi
ngleSnapshotEval.png (PNG copy)>] [48 <./figs/preliminar/benchmark_Clusterj.png
 (PNG copy)>]
Chapter 5.
[49

]) (./document.bbl [50]
Underfull \hbox (badness 10000) in paragraph at lines 4--9
\OT1/pcr/m/n/10.95 / / hadoop . apache . org / docs / r2 . 0 . 6-[]alpha / hado
op-[]project-[]dist /
 []


Underfull \hbox (badness 1019) in paragraph at lines 40--43
[]\OT1/ppl/m/n/10.95 Foundation, A. S.  "apache zookeeper".  Ac-cessed Au-gust 
2, 2014.[][]$\OT1/pcr/m/n/10.95 http : / /
 []

[51

]
Underfull \hbox (badness 5460) in paragraph at lines 71--77
\OT1/ppl/m/n/10.95 struc-ture".  Ac-cessed Au-gust 2, 2014.[][]$\OT1/pcr/m/n/10
.95 http : / / http : / / dev . mysql . com / doc /
 []


Underfull \hbox (badness 10000) in paragraph at lines 71--77
\OT1/pcr/m/n/10.95 mysqlclusterexcerpt / 5 . 1 / en / mysqlclusterlimitationstr
ansactions .
 []

)
No file document.ind.
[52] (./document.aux) ) 
Here is how much of TeX's memory you used:
 8705 strings out of 493848
 124928 string characters out of 1152824
 214478 words of memory out of 3000000
 11502 multiletter control sequences out of 15000+50000
 21198 words of font info for 62 fonts, out of 3000000 for 9000
 714 hyphenation exceptions out of 8191
 45i,13n,38p,1064b,497s stack positions out of 5000i,500n,10000p,200000b,50000s
pdfTeX warning (dest): name{algorithm.2} has been refere
nced but does not exist, replaced by a fixed one

pdfTeX warning (dest): name{algorithm.1} has been referenced but does not exist
, replaced by a fixed one

{/usr/share/texmf-texlive/fonts/enc/dvips/base/8r.enc}</usr/share/texmf-texlive
/fonts/type1/public/amsfonts/cm/cmmi10.pfb></usr/share/texmf-texlive/fonts/type
1/public/amsfonts/cm/cmmi8.pfb></usr/share/texmf-texlive/fonts/type1/public/ams
fonts/cm/cmr10.pfb></usr/share/texmf-texlive/fonts/type1/public/amsfonts/cm/cms
y10.pfb></usr/share/texmf-texlive/fonts/type1/public/amsfonts/euler/eurm10.pfb>
</usr/share/texmf-texlive/fonts/type1/public/hfbright/hfbr8.pfb></usr/share/tex
mf-texlive/fonts/type1/public/hfbright/hfbrsl8.pfb></usr/share/texmf-texlive/fo
nts/type1/urw/courier/ucrr8a.pfb></usr/share/texmf-texlive/fonts/type1/urw/pala
tino/uplb8a.pfb></usr/share/texmf-texlive/fonts/type1/urw/palatino/uplr8a.pfb><
/usr/share/texmf-texlive/fonts/type1/urw/palatino/uplr8a.pfb></usr/share/texmf-
texlive/fonts/type1/urw/palatino/uplri8a.pfb>
Output written on document.pdf (68 pages, 822032 bytes).
PDF statistics:
 881 PDF objects out of 1000 (max. 8388607)
 243 named destinations out of 1000 (max. 500000)
 460 words of extra memory for PDF output out of 10000 (max. 10000000)

